
> dev
> vite --port 5173

Port 5173 is in use, trying another one...
Port 5174 is in use, trying another one...
Port 5175 is in use, trying another one...
Port 5176 is in use, trying another one...
Port 5177 is in use, trying another one...
Port 5178 is in use, trying another one...
Port 5179 is in use, trying another one...

  [32m[1mVITE[22m v6.3.3[39m  [2mready in [0m[1m843[22m[2m[0m ms[22m

  [32m➜[39m  [1mLocal[22m:   [36mhttp://localhost:[1m5180[22m/[39m
[2m  [32m➜[39m  [1mNetwork[22m[2m: use [22m[1m--host[22m[2m to expose[22m

  [31m[1mLARAVEL[22m v12.3.0[39m  [2mplugin[22m [1mv1.2.0[22m

  [32m➜[39m  [1mAPP_URL[22m: [36mhttp://localhost:[1m8000[22m[39m
[2m9:41:11 pm[22m [36m[1m[vite][22m[39m [32mfull reload[39m [2mresources\views\components\app\nav.blade.php[22m
[2m9:41:11 pm[22m [36m[1m[vite][22m[39m [32mfull reload[39m [2mresources\views\components\app\nav.blade.php[22m
[2m9:43:02 pm[22m [36m[1m[vite][22m[39m [32mfull reload[39m [2mresources\views\components\app\nav.blade.php[22m
[2m9:43:28 pm[22m [36m[1m[vite][22m[39m [32mfull reload[39m [2mresources\views\components\app\nav.blade.php[22m
[2m9:44:30 pm[22m [36m[1m[vite][22m[39m [32mfull reload[39m [2mresources\views\components\app\nav.blade.php[22m
[2m9:45:29 pm[22m [36m[1m[vite][22m[39m [32mfull reload[39m [2mresources\views\components\app\nav.blade.php[22m
[2m9:46:18 pm[22m [36m[1m[vite][22m[39m [32mfull reload[39m [2mresources\views\components\app\nav.blade.php[22m
[2m9:46:56 pm[22m [36m[1m[vite][22m[39m [32mfull reload[39m [2mresources\views\components\app\nav.blade.php[22m
[2m9:48:03 pm[22m [36m[1m[vite][22m[39m [32mfull reload[39m [2mresources\views\components\app\nav.blade.php[22m
[2m9:48:36 pm[22m [36m[1m[vite][22m[39m [32mfull reload[39m [2mresources\views\components\app\nav.blade.php[22m
[2m9:49:17 pm[22m [36m[1m[vite][22m[39m [32mfull reload[39m [2mresources\views\components\app\nav.blade.php[22m
[2m9:51:17 pm[22m [36m[1m[vite][22m[39m [32mfull reload[39m [2mresources\views\partials\header.blade.php[22m
[2m9:53:50 pm[22m [36m[1m[vite][22m[39m [32mfull reload[39m [2mresources\views\components\app\off-canvas-menu.blade.php[22m
[2m10:00:40 pm[22m [36m[1m[vite][22m[39m [32mfull reload[39m [2mresources\views\components\app\back-to-top.blade.php[22m
[2m10:01:08 pm[22m [36m[1m[vite][22m[39m [32mfull reload[39m [2mresources\views\components\app\back-to-top.blade.php[22m
[2m10:01:52 pm[22m [36m[1m[vite][22m[39m [32mfull reload[39m [2mresources\views\components\app\back-to-top.blade.php[22m
[2m10:10:36 pm[22m [36m[1m[vite][22m[39m [32mfull reload[39m [2mresources\views\components\app\off-canvas-menu.blade.php[22m
[2m10:11:10 pm[22m [36m[1m[vite][22m[39m [32mfull reload[39m [2mresources\views\components\app\off-canvas-menu.blade.php[22m
[2m10:17:27 pm[22m [36m[1m[vite][22m[39m [32mfull reload[39m [2mresources\views\components\app\nav.blade.php[22m
[2m10:22:34 pm[22m [36m[1m[vite][22m[39m [32mvite.config.js changed, restarting server...[39m
[2m10:22:35 pm[22m [36m[1m[vite][22m[39m server restarted.

  [31m[1mLARAVEL[22m v12.3.0[39m  [2mplugin[22m [1mv1.2.0[22m

  [32m➜[39m  [1mAPP_URL[22m: [36mhttp://localhost:[1m8000[22m[39m
[2m10:24:35 pm[22m [36m[1m[vite][22m[39m [90m[2m(client)[22m[39m [32mpage reload [39m[2mtailwind.config.js[22m
[2m10:25:32 pm[22m [36m[1m[vite][22m[39m [90m[2m(client)[22m[39m [32mhmr update [39m[2m/resources/css/app.css?direct[22m
